CREATE TABLE "django_migrations" ("id" bigint NOT NULL PRIMARY KEY GENERATED BY DEFAULT AS IDENTITY, "app" varchar(255) NOT NULL, "name" varchar(255) NOT NULL, "applied" timestamp with time zone NOT NULL); (params None)
CREATE TABLE "BeerCollection_shop" ("id" bigint NOT NULL PRIMARY KEY GENERATED BY DEFAULT AS IDENTITY, "shop_name" varchar(50) NOT NULL, "address" varchar(60) NOT NULL); (params None)
CREATE TABLE "BeerCollection_beer" ("id" bigint NOT NULL PRIMARY KEY GENERATED BY DEFAULT AS IDENTITY, "name" varchar(50) NOT NULL, "package" varchar(10) NOT NULL, "type" varchar(15) NOT NULL, "capacity" integer NOT NULL, "price" numeric(6, 2) NOT NULL, "based" boolean NOT NULL, "flavorCommentary" text NOT NULL, "disadvantages" text NOT NULL, "mark" integer NOT NULL, "shop_id" bigint NOT NULL); (params None)
ALTER TABLE "BeerCollection_beer" ADD CONSTRAINT "BeerCollection_beer_shop_id_65165d99_fk_BeerCollection_shop_id" FOREIGN KEY ("shop_id") REFERENCES "BeerCollection_shop" ("id") DEFERRABLE INITIALLY DEFERRED; (params None)
CREATE INDEX "BeerCollection_beer_shop_id_65165d99" ON "BeerCollection_beer" ("shop_id"); (params None)
CREATE TABLE "django_content_type" ("id" integer NOT NULL PRIMARY KEY GENERATED BY DEFAULT AS IDENTITY, "name" varchar(100) NOT NULL, "app_label" varchar(100) NOT NULL, "model" varchar(100) NOT NULL); (params None)
ALTER TABLE "django_content_type" ADD CONSTRAINT "django_content_type_app_label_model_76bd3d3b_uniq" UNIQUE ("app_label", "model"); (params None)
CREATE TABLE "auth_permission" ("id" integer NOT NULL PRIMARY KEY GENERATED BY DEFAULT AS IDENTITY, "name" varchar(50) NOT NULL, "content_type_id" integer NOT NULL, "codename" varchar(100) NOT NULL); (params None)
CREATE TABLE "auth_group" ("id" integer NOT NULL PRIMARY KEY GENERATED BY DEFAULT AS IDENTITY, "name" varchar(80) NOT NULL UNIQUE); (params None)
CREATE TABLE "auth_group_permissions" ("id" bigint NOT NULL PRIMARY KEY GENERATED BY DEFAULT AS IDENTITY, "group_id" integer NOT NULL, "permission_id" integer NOT NULL); (params None)
CREATE TABLE "auth_user" ("id" integer NOT NULL PRIMARY KEY GENERATED BY DEFAULT AS IDENTITY, "password" varchar(128) NOT NULL, "last_login" timestamp with time zone NOT NULL, "is_superuser" boolean NOT NULL, "username" varchar(30) NOT NULL UNIQUE, "first_name" varchar(30) NOT NULL, "last_name" varchar(30) NOT NULL, "email" varchar(75) NOT NULL, "is_staff" boolean NOT NULL, "is_active" boolean NOT NULL, "date_joined" timestamp with time zone NOT NULL); (params None)
CREATE TABLE "auth_user_groups" ("id" bigint NOT NULL PRIMARY KEY GENERATED BY DEFAULT AS IDENTITY, "user_id" integer NOT NULL, "group_id" integer NOT NULL); (params None)
CREATE TABLE "auth_user_user_permissions" ("id" bigint NOT NULL PRIMARY KEY GENERATED BY DEFAULT AS IDENTITY, "user_id" integer NOT NULL, "permission_id" integer NOT NULL); (params None)
ALTER TABLE "auth_permission" ADD CONSTRAINT "auth_permission_content_type_id_codename_01ab375a_uniq" UNIQUE ("content_type_id", "codename"); (params None)
ALTER TABLE "auth_permission" ADD CONSTRAINT "auth_permission_content_type_id_2f476e4b_fk_django_co" FOREIGN KEY ("content_type_id") REFERENCES "django_content_type" ("id") DEFERRABLE INITIALLY DEFERRED; (params None)
CREATE INDEX "auth_permission_content_type_id_2f476e4b" ON "auth_permission" ("content_type_id"); (params None)
CREATE INDEX "auth_group_name_a6ea08ec_like" ON "auth_group" ("name" varchar_pattern_ops); (params None)
ALTER TABLE "auth_group_permissions" ADD CONSTRAINT "auth_group_permissions_group_id_permission_id_0cd325b0_uniq" UNIQUE ("group_id", "permission_id"); (params None)
ALTER TABLE "auth_group_permissions" ADD CONSTRAINT "auth_group_permissions_group_id_b120cbf9_fk_auth_group_id" FOREIGN KEY ("group_id") REFERENCES "auth_group" ("id") DEFERRABLE INITIALLY DEFERRED; (params None)
ALTER TABLE "auth_group_permissions" ADD CONSTRAINT "auth_group_permissio_permission_id_84c5c92e_fk_auth_perm" FOREIGN KEY ("permission_id") REFERENCES "auth_permission" ("id") DEFERRABLE INITIALLY DEFERRED; (params None)
CREATE INDEX "auth_group_permissions_group_id_b120cbf9" ON "auth_group_permissions" ("group_id"); (params None)
CREATE INDEX "auth_group_permissions_permission_id_84c5c92e" ON "auth_group_permissions" ("permission_id"); (params None)
CREATE INDEX "auth_user_username_6821ab7c_like" ON "auth_user" ("username" varchar_pattern_ops); (params None)
ALTER TABLE "auth_user_groups" ADD CONSTRAINT "auth_user_groups_user_id_group_id_94350c0c_uniq" UNIQUE ("user_id", "group_id"); (params None)
ALTER TABLE "auth_user_groups" ADD CONSTRAINT "auth_user_groups_user_id_6a12ed8b_fk_auth_user_id" FOREIGN KEY ("user_id") REFERENCES "auth_user" ("id") DEFERRABLE INITIALLY DEFERRED; (params None)
ALTER TABLE "auth_user_groups" ADD CONSTRAINT "auth_user_groups_group_id_97559544_fk_auth_group_id" FOREIGN KEY ("group_id") REFERENCES "auth_group" ("id") DEFERRABLE INITIALLY DEFERRED; (params None)
CREATE INDEX "auth_user_groups_user_id_6a12ed8b" ON "auth_user_groups" ("user_id"); (params None)
CREATE INDEX "auth_user_groups_group_id_97559544" ON "auth_user_groups" ("group_id"); (params None)
ALTER TABLE "auth_user_user_permissions" ADD CONSTRAINT "auth_user_user_permissions_user_id_permission_id_14a6b632_uniq" UNIQUE ("user_id", "permission_id"); (params None)
ALTER TABLE "auth_user_user_permissions" ADD CONSTRAINT "auth_user_user_permissions_user_id_a95ead1b_fk_auth_user_id" FOREIGN KEY ("user_id") REFERENCES "auth_user" ("id") DEFERRABLE INITIALLY DEFERRED; (params None)
ALTER TABLE "auth_user_user_permissions" ADD CONSTRAINT "auth_user_user_permi_permission_id_1fbb5f2c_fk_auth_perm" FOREIGN KEY ("permission_id") REFERENCES "auth_permission" ("id") DEFERRABLE INITIALLY DEFERRED; (params None)
CREATE INDEX "auth_user_user_permissions_user_id_a95ead1b" ON "auth_user_user_permissions" ("user_id"); (params None)
CREATE INDEX "auth_user_user_permissions_permission_id_1fbb5f2c" ON "auth_user_user_permissions" ("permission_id"); (params None)
CREATE TABLE "django_admin_log" ("id" integer NOT NULL PRIMARY KEY GENERATED BY DEFAULT AS IDENTITY, "action_time" timestamp with time zone NOT NULL, "object_id" text NULL, "object_repr" varchar(200) NOT NULL, "action_flag" smallint NOT NULL CHECK ("action_flag" >= 0), "change_message" text NOT NULL, "content_type_id" integer NULL, "user_id" integer NOT NULL); (params None)
ALTER TABLE "django_admin_log" ADD CONSTRAINT "django_admin_log_content_type_id_c4bce8eb_fk_django_co" FOREIGN KEY ("content_type_id") REFERENCES "django_content_type" ("id") DEFERRABLE INITIALLY DEFERRED; (params None)
ALTER TABLE "django_admin_log" ADD CONSTRAINT "django_admin_log_user_id_c564eba6_fk_auth_user_id" FOREIGN KEY ("user_id") REFERENCES "auth_user" ("id") DEFERRABLE INITIALLY DEFERRED; (params None)
CREATE INDEX "django_admin_log_content_type_id_c4bce8eb" ON "django_admin_log" ("content_type_id"); (params None)
CREATE INDEX "django_admin_log_user_id_c564eba6" ON "django_admin_log" ("user_id"); (params None)
ALTER TABLE "django_content_type" ALTER COLUMN "name" DROP NOT NULL; (params None)
ALTER TABLE "django_content_type" DROP COLUMN "name" CASCADE; (params None)
ALTER TABLE "auth_permission" ALTER COLUMN "name" TYPE varchar(255); (params None)
ALTER TABLE "auth_user" ALTER COLUMN "email" TYPE varchar(254); (params None)
ALTER TABLE "auth_user" ALTER COLUMN "last_login" DROP NOT NULL; (params None)
ALTER TABLE "auth_user" ALTER COLUMN "username" TYPE varchar(150); (params None)
ALTER TABLE "auth_user" ALTER COLUMN "last_name" TYPE varchar(150); (params None)
ALTER TABLE "auth_group" ALTER COLUMN "name" TYPE varchar(150); (params None)
ALTER TABLE "auth_user" ALTER COLUMN "first_name" TYPE varchar(150); (params None)
CREATE TABLE "django_session" ("session_key" varchar(40) NOT NULL PRIMARY KEY, "session_data" text NOT NULL, "expire_date" timestamp with time zone NOT NULL); (params None)
CREATE INDEX "django_session_session_key_c0390e0f_like" ON "django_session" ("session_key" varchar_pattern_ops); (params None)
CREATE INDEX "django_session_expire_date_a5c62663" ON "django_session" ("expire_date"); (params None)
Watching for file changes with StatReloader
Waiting for apps ready_event.
Apps ready_event triggered. Sending autoreload_started signal.
Watching dir /source/drf_spectacular/templates with glob **/*.
Watching dir /source/rest_framework/templates with glob **/*.
Watching dir /Service/locale with glob **/*.mo.
Watching dir /source/rest_framework/locale with glob **/*.mo.
Watching dir /source/drf_spectacular/locale with glob **/*.mo.
Watching dir /Service/BeerCollection/locale with glob **/*.mo.
File /source/django/utils/dateparse.py first seen with mtime 1731909310.2605042
File /usr/local/lib/python3.12/email/mime/message.py first seen with mtime 1715672271.0
File /usr/local/lib/python3.12/email/mime/nonmultipart.py first seen with mtime 1715672271.0
File /source/django/contrib/admin/exceptions.py first seen with mtime 1731909309.8504987
File /source/django/utils/numberformat.py first seen with mtime 1731909310.2605042
File /source/yaml/tokens.py first seen with mtime 1731909309.4804935
File /source/rest_framework/schemas/inspectors.py first seen with mtime 1731909311.1306453
File /source/django/utils/inspect.py first seen with mtime 1731909310.2605042
File /source/django/shortcuts.py first seen with mtime 1731909309.800498
File /usr/local/lib/python3.12/asyncio/futures.py first seen with mtime 1715672271.0
File /usr/local/lib/python3.12/asyncio/queues.py first seen with mtime 1715672271.0
File /usr/local/lib/python3.12/lib-dynload/_opcode.cpython-312-x86_64-linux-gnu.so first seen with mtime 1715672279.0
File /source/yaml/scanner.py first seen with mtime 1731909309.4804935
File /source/django/core/files/__init__.py first seen with mtime 1731909310.230504
File /source/django/apps/registry.py first seen with mtime 1731909309.800498
File /source/django/utils/formats.py first seen with mtime 1731909310.2605042
File /usr/local/lib/python3.12/base64.py first seen with mtime 1715672270.0
File /usr/local/lib/python3.12/argparse.py first seen with mtime 1715672270.0
File /source/django/contrib/admin/views/autocomplete.py first seen with mtime 1731909309.9404998
File /source/drf_spectacular/__init__.py first seen with mtime 1731909311.320648
File /source/django/template/defaulttags.py first seen with mtime 1731909310.2605042
File /source/django/templatetags/__init__.py first seen with mtime 1731909310.2605042
File /source/django/contrib/sessions/base_session.py first seen with mtime 1731909310.1705031
File /source/django/utils/html.py first seen with mtime 1731909310.2605042
File /usr/local/lib/python3.12/dataclasses.py first seen with mtime 1715672270.0
File /source/sqlparse/filters/right_margin.py first seen with mtime 1731909309.4304926
File /source/django/template/backends/django.py first seen with mtime 1731909310.2605042
File /source/django/core/files/base.py first seen with mtime 1731909310.230504
File /source/django/template/autoreload.py first seen with mtime 1731909310.2605042
File /source/sqlparse/exceptions.py first seen with mtime 1731909309.4304926
File /source/django/contrib/contenttypes/__init__.py first seen with mtime 1731909310.010501
File /source/django/core/checks/caches.py first seen with mtime 1731909310.2205038
File /source/django/contrib/staticfiles/management/commands/runserver.py first seen with mtime 1731909310.2205038
File /usr/local/lib/python3.12/lib-dynload/_lzma.cpython-312-x86_64-linux-gnu.so first seen with mtime 1715672279.0
File /source/django/db/models/enums.py first seen with mtime 1731909310.240504
File /source/django/db/backends/postgresql/__init__.py first seen with mtime 1731909310.240504
File /usr/local/lib/python3.12/re/__init__.py first seen with mtime 1715672271.0
File /usr/local/lib/python3.12/xml/dom/NodeFilter.py first seen with mtime 1715672271.0
File /source/django/contrib/admin/decorators.py first seen with mtime 1731909309.8504987
File /source/django/contrib/postgres/validators.py first seen with mtime 1731909310.1305025
File /usr/local/lib/python3.12/json/decoder.py first seen with mtime 1715672271.0
File /source/drf_spectacular/contrib/rest_framework_jwt.py first seen with mtime 1731909311.320648
File /usr/local/lib/python3.12/lib-dynload/_json.cpython-312-x86_64-linux-gnu.so first seen with mtime 1715672279.0
File /source/yaml/cyaml.py first seen with mtime 1731909309.4904935
File /source/yaml/dumper.py first seen with mtime 1731909309.4804935
File /source/django/contrib/auth/__init__.py first seen with mtime 1731909309.9705002
File /usr/local/lib/python3.12/graphlib.py first seen with mtime 1715672270.0
File /source/django/db/models/query.py first seen with mtime 1731909310.240504
File /usr/local/lib/python3.12/asyncio/base_futures.py first seen with mtime 1715672271.0
File /source/django/contrib/postgres/fields/array.py first seen with mtime 1731909310.1305025
File /source/drf_spectacular/renderers.py first seen with mtime 1731909311.320648
File /source/django/views/generic/__init__.py first seen with mtime 1731909310.2705045
File /usr/local/lib/python3.12/wsgiref/util.py first seen with mtime 1715672271.0
File /source/django/contrib/auth/forms.py first seen with mtime 1731909309.9805005
File /source/django/db/backends/base/client.py first seen with mtime 1731909310.230504
File /source/rest_framework/routers.py first seen with mtime 1731909311.110645
File /source/django/contrib/messages/apps.py first seen with mtime 1731909310.1305025
File /source/django/db/migrations/migration.py first seen with mtime 1731909310.240504
File /source/django/db/migrations/utils.py first seen with mtime 1731909310.240504
File /usr/local/lib/python3.12/difflib.py first seen with mtime 1715672270.0
File /usr/local/lib/python3.12/signal.py first seen with mtime 1715672271.0
File /source/django/db/backends/base/creation.py first seen with mtime 1731909310.230504
File /source/rest_framework/utils/encoders.py first seen with mtime 1731909311.1506457
File /usr/local/lib/python3.12/unittest/__init__.py first seen with mtime 1715672271.0
File /usr/local/lib/python3.12/unittest/suite.py first seen with mtime 1715672271.0
File /usr/local/lib/python3.12/textwrap.py first seen with mtime 1715672271.0
File /usr/local/lib/python3.12/lib-dynload/math.cpython-312-x86_64-linux-gnu.so first seen with mtime 1715672279.0
File /source/django/contrib/admin/utils.py first seen with mtime 1731909309.8504987
File /source/django/contrib/postgres/forms/hstore.py first seen with mtime 1731909310.1305025
File /source/django/utils/deconstruct.py first seen with mtime 1731909310.2605042
File /source/django/middleware/__init__.py first seen with mtime 1731909310.2605042
File /source/django/db/migrations/state.py first seen with mtime 1731909310.240504
File /source/sqlparse/cli.py first seen with mtime 1731909309.4304926
File /usr/local/lib/python3.12/encodings/utf_8.py first seen with mtime 1715672271.0
File /source/django/db/migrations/operations/fields.py first seen with mtime 1731909310.240504
File /usr/local/lib/python3.12/random.py first seen with mtime 1715672270.0
File /usr/local/lib/python3.12/asyncio/streams.py first seen with mtime 1715672271.0
File /source/psycopg2/errors.py first seen with mtime 1731909309.5604947
File /source/django/contrib/staticfiles/__init__.py first seen with mtime 1731909310.2205038
File /usr/local/lib/python3.12/re/_casefix.py first seen with mtime 1715672271.0
File /source/django/contrib/auth/base_user.py first seen with mtime 1731909309.9805005
File /source/django/core/checks/messages.py first seen with mtime 1731909310.2205038
File /source/django/db/models/manager.py first seen with mtime 1731909310.240504
File /usr/local/lib/python3.12/sysconfig.py first seen with mtime 1715672271.0
File /source/rest_framework/viewsets.py first seen with mtime 1731909311.110645
File /source/django/template/base.py first seen with mtime 1731909310.2605042
File /usr/local/lib/python3.12/urllib/error.py first seen with mtime 1715672271.0
File /source/django/core/serializers/base.py first seen with mtime 1731909310.230504
File /source/django/core/management/sql.py first seen with mtime 1731909310.230504
File /source/drf_spectacular/generators.py first seen with mtime 1731909311.320648
File /usr/local/lib/python3.12/encodings/__init__.py first seen with mtime 1715672271.0
File /source/yaml/error.py first seen with mtime 1731909309.4804935
File /source/django/core/handlers/asgi.py first seen with mtime 1731909310.230504
File /usr/local/lib/python3.12/json/encoder.py first seen with mtime 1715672271.0
File /source/django/db/backends/postgresql/base.py first seen with mtime 1731909310.240504
File /source/rest_framework/schemas/coreapi.py first seen with mtime 1731909311.1306453
File /source/django/contrib/postgres/fields/ranges.py first seen with mtime 1731909310.1305025
File /usr/local/lib/python3.12/unittest/util.py first seen with mtime 1715672271.0
File /usr/local/lib/python3.12/gzip.py first seen with mtime 1715672270.0
File /usr/local/lib/python3.12/asyncio/trsock.py first seen with mtime 1715672271.0
File /source/django/contrib/postgres/utils.py first seen with mtime 1731909310.1305025
File /usr/local/lib/python3.12/copy.py first seen with mtime 1715672270.0
File /source/rest_framework/validators.py first seen with mtime 1731909311.110645
File /source/django/utils/module_loading.py first seen with mtime 1731909310.2605042
File /usr/local/lib/python3.12/zoneinfo/_tzpath.py first seen with mtime 1715672271.0
File /source/django/core/servers/basehttp.py first seen with mtime 1731909310.230504
File /source/drf_spectacular/contrib/rest_framework_dataclasses.py first seen with mtime 1731909311.320648
File /source/django/contrib/messages/constants.py first seen with mtime 1731909310.1305025
File /source/django/core/cache/backends/filebased.py first seen with mtime 1731909310.2205038
File /source/django/contrib/postgres/search.py first seen with mtime 1731909310.1305025
File /source/django/db/backends/base/base.py first seen with mtime 1731909310.230504
File /source/django/core/wsgi.py first seen with mtime 1731909310.2205038
File /usr/local/lib/python3.12/concurrent/__init__.py first seen with mtime 1715672271.0
File /usr/local/lib/python3.12/glob.py first seen with mtime 1715672270.0
File /source/sqlparse/filters/tokens.py first seen with mtime 1731909309.4304926
File /usr/local/lib/python3.12/email/mime/__init__.py first seen with mtime 1715672271.0
File /usr/local/lib/python3.12/lib-dynload/binascii.cpython-312-x86_64-linux-gnu.so first seen with mtime 1715672279.0
File /source/django/utils/safestring.py first seen with mtime 1731909310.2605042
File /source/sqlparse/engine/__init__.py first seen with mtime 1731909309.4304926
File /source/django/core/checks/__init__.py first seen with mtime 1731909310.2205038
File /source/django/contrib/auth/middleware.py first seen with mtime 1731909309.9805005
File /source/django/db/models/signals.py first seen with mtime 1731909310.240504
File /usr/local/lib/python3.12/asyncio/protocols.py first seen with mtime 1715672271.0
File /source/rest_framework/test.py first seen with mtime 1731909311.110645
File /source/django/core/servers/__init__.py first seen with mtime 1731909310.230504
File /usr/local/lib/python3.12/email/parser.py first seen with mtime 1715672271.0
File /usr/local/lib/python3.12/wsgiref/handlers.py first seen with mtime 1715672271.0
File /source/yaml/reader.py first seen with mtime 1731909309.4804935
File /usr/local/lib/python3.12/lib-dynload/_queue.cpython-312-x86_64-linux-gnu.so first seen with mtime 1715672279.0
File /source/django/db/models/fields/reverse_related.py first seen with mtime 1731909310.240504
File /source/rest_framework/utils/mediatypes.py first seen with mtime 1731909311.1506457
File /source/django/conf/locale/__init__.py first seen with mtime 1731909309.800498
File /usr/local/lib/python3.12/asyncio/taskgroups.py first seen with mtime 1715672271.0
File /source/django/db/utils.py first seen with mtime 1731909310.230504
File /source/django/urls/exceptions.py first seen with mtime 1731909310.2605042
File /usr/local/lib/python3.12/calendar.py first seen with mtime 1715672270.0
File /source/psycopg2/_json.py first seen with mtime 1731909309.5604947
File /source/typing_extensions.py first seen with mtime 1731909309.4004924
File /source/django/db/models/constants.py first seen with mtime 1731909310.240504
File /source/django/views/decorators/common.py first seen with mtime 1731909310.2705045
File /source/yaml/emitter.py first seen with mtime 1731909309.4804935
File /source/sqlparse/lexer.py first seen with mtime 1731909309.4304926
File /usr/local/lib/python3.12/unittest/result.py first seen with mtime 1715672271.0
File /source/drf_spectacular/contrib/djangorestframework_camel_case.py first seen with mtime 1731909311.320648
File /source/django/contrib/auth/signals.py first seen with mtime 1731909309.9805005
File /usr/local/lib/python3.12/email/_encoded_words.py first seen with mtime 1715672271.0
File /source/rest_framework/utils/formatting.py first seen with mtime 1731909311.1506457
File /source/django/views/decorators/debug.py first seen with mtime 1731909310.2705045
File /source/django/core/files/storage/filesystem.py first seen with mtime 1731909310.230504
File /source/django/dispatch/__init__.py first seen with mtime 1731909310.2505043
File /usr/local/lib/python3.12/concurrent/futures/thread.py first seen with mtime 1715672271.0
File /source/drf_spectacular/plumbing.py first seen with mtime 1731909311.320648
File /source/django/contrib/sessions/backends/__init__.py first seen with mtime 1731909310.1705031
File /source/django/core/checks/registry.py first seen with mtime 1731909310.230504
File /source/django/db/backends/base/schema.py first seen with mtime 1731909310.230504
File /source/django/contrib/contenttypes/management/__init__.py first seen with mtime 1731909310.0405014
File /usr/local/lib/python3.12/asyncio/constants.py first seen with mtime 1715672271.0
File /usr/local/lib/python3.12/_compat_pickle.py first seen with mtime 1715672270.0
File /source/django/contrib/auth/checks.py first seen with mtime 1731909309.9805005
File /source/yaml/__init__.py first seen with mtime 1731909309.4804935
File /source/django/core/files/uploadhandler.py first seen with mtime 1731909310.230504
File /source/django/db/migrations/__init__.py first seen with mtime 1731909310.240504
File /usr/local/lib/python3.12/pkgutil.py first seen with mtime 1715672270.0
File /usr/local/lib/python3.12/email/utils.py first seen with mtime 1715672271.0
File /usr/local/lib/python3.12/ipaddress.py first seen with mtime 1715672270.0
File /usr/local/lib/python3.12/asyncio/base_tasks.py first seen with mtime 1715672271.0
File /source/rest_framework/exceptions.py first seen with mtime 1731909311.110645
File /source/drf_spectacular/contrib/knox_auth_token.py first seen with mtime 1731909311.320648
File /source/rest_framework/templatetags/__init__.py first seen with mtime 1731909311.1506457
File /source/rest_framework/mixins.py first seen with mtime 1731909311.110645
File /usr/local/lib/python3.12/socketserver.py first seen with mtime 1715672271.0
File /source/sqlparse/keywords.py first seen with mtime 1731909309.4304926
File /source/django/templatetags/tz.py first seen with mtime 1731909310.2605042
File /source/django/template/smartif.py first seen with mtime 1731909310.2605042
File /usr/local/lib/python3.12/lib-dynload/zlib.cpython-312-x86_64-linux-gnu.so first seen with mtime 1715672279.0
File /usr/local/lib/python3.12/xml/dom/__init__.py first seen with mtime 1715672271.0
File /usr/local/lib/python3.12/threading.py first seen with mtime 1715672271.0
File /usr/local/lib/python3.12/email/iterators.py first seen with mtime 1715672271.0
File /source/django/db/backends/postgresql/features.py first seen with mtime 1731909310.240504
File /usr/local/lib/python3.12/typing.py first seen with mtime 1715672271.0
File /usr/local/lib/python3.12/types.py first seen with mtime 1715672271.0
File /source/django/db/migrations/operations/special.py first seen with mtime 1731909310.240504
File /source/rest_framework/status.py first seen with mtime 1731909311.110645
File /Service/BeerCollection/__init__.py first seen with mtime 1731909250.9597068
File /source/django/core/handlers/wsgi.py first seen with mtime 1731909310.230504
File /Service/BeerCollection/models/shop.py first seen with mtime 1731909250.9617085
File /usr/local/lib/python3.12/lib-dynload/select.cpython-312-x86_64-linux-gnu.so first seen with mtime 1715672279.0
File /source/django/utils/decorators.py first seen with mtime 1731909310.2605042
File /source/django/apps/config.py first seen with mtime 1731909309.800498
File /usr/local/lib/python3.12/json/__init__.py first seen with mtime 1715672271.0
File /usr/local/lib/python3.12/xml/dom/minidom.py first seen with mtime 1715672271.0
File /source/rest_framework/reverse.py first seen with mtime 1731909311.110645
File /source/django/template/loaders/base.py first seen with mtime 1731909310.2605042
File /usr/local/lib/python3.12/keyword.py first seen with mtime 1715672270.0
File /source/django/views/debug.py first seen with mtime 1731909310.2605042
File /source/yaml/constructor.py first seen with mtime 1731909309.4904935
File /source/django/contrib/postgres/forms/__init__.py first seen with mtime 1731909310.1305025
File /source/django/middleware/cache.py first seen with mtime 1731909310.2605042
File /usr/local/lib/python3.12/decimal.py first seen with mtime 1715672270.0
File /source/drf_spectacular/types.py first seen with mtime 1731909311.320648
File /source/rest_framework/utils/representation.py first seen with mtime 1731909311.1506457
File /source/django/db/models/functions/comparison.py first seen with mtime 1731909310.2505043
File /source/django/utils/hashable.py first seen with mtime 1731909310.2605042
File /source/django/core/files/storage/memory.py first seen with mtime 1731909310.230504
File /source/django/core/checks/files.py first seen with mtime 1731909310.2205038
File /source/sqlparse/filters/others.py first seen with mtime 1731909309.4304926
File /source/django/contrib/admin/views/__init__.py first seen with mtime 1731909309.9404998
File /source/django/test/signals.py first seen with mtime 1731909310.2605042
File /usr/local/lib/python3.12/uuid.py first seen with mtime 1715672271.0
File /Service/BeerCollection/apps.py first seen with mtime 1731909250.9597068
File /source/rest_framework/utils/urls.py first seen with mtime 1731909311.1506457
File /source/django/template/loaders/filesystem.py first seen with mtime 1731909310.2605042
File /usr/local/lib/python3.12/importlib/_abc.py first seen with mtime 1715672271.0
File /Service/BeerCollection/serializers/beer.py first seen with mtime 1731909250.9617085
File /usr/local/lib/python3.12/collections/__init__.py first seen with mtime 1715672271.0
File /source/django/contrib/admin/checks.py first seen with mtime 1731909309.8504987
File /usr/local/lib/python3.12/lib-dynload/_zoneinfo.cpython-312-x86_64-linux-gnu.so first seen with mtime 1715672279.0
File /usr/local/lib/python3.12/contextvars.py first seen with mtime 1715672270.0
File /source/django/contrib/postgres/fields/citext.py first seen with mtime 1731909310.1305025
File /source/django/contrib/admin/filters.py first seen with mtime 1731909309.8504987
File /source/django/contrib/admin/templatetags/__init__.py first seen with mtime 1731909309.9404998
File /Service/BeerCollection/admin.py first seen with mtime 1731909250.9597068
File /usr/local/lib/python3.12/re/_constants.py first seen with mtime 1715672271.0
File /usr/local/lib/python3.12/html/__init__.py first seen with mtime 1715672271.0
File /source/django/db/models/deletion.py first seen with mtime 1731909310.240504
File /source/django/contrib/admin/templatetags/admin_modify.py first seen with mtime 1731909309.9404998
File /usr/local/lib/python3.12/pickle.py first seen with mtime 1715672270.0
File /usr/local/lib/python3.12/site-packages/_distutils_hack/__init__.py first seen with mtime 1715671606.0
File /usr/local/lib/python3.12/datetime.py first seen with mtime 1715672270.0
File /usr/local/lib/python3.12/lib-dynload/_hashlib.cpython-312-x86_64-linux-gnu.so first seen with mtime 1715672279.0
File /usr/local/lib/python3.12/socket.py first seen with mtime 1715672271.0
File /source/django/contrib/sessions/__init__.py first seen with mtime 1731909310.1705031
File /source/django/db/backends/ddl_references.py first seen with mtime 1731909310.230504
File /source/sqlparse/filters/__init__.py first seen with mtime 1731909309.4304926
File /source/django/contrib/auth/models.py first seen with mtime 1731909309.9805005
File /source/rest_framework/utils/humanize_datetime.py first seen with mtime 1731909311.1506457
File /source/drf_spectacular/authentication.py first seen with mtime 1731909311.320648
File /source/django/test/utils.py first seen with mtime 1731909310.2605042
File /source/django/db/backends/base/features.py first seen with mtime 1731909310.230504
File /source/rest_framework/utils/html.py first seen with mtime 1731909311.1506457
File /source/django/core/cache/backends/__init__.py first seen with mtime 1731909310.2205038
File /usr/local/lib/python3.12/unittest/signals.py first seen with mtime 1715672271.0
File /source/rest_framework/apps.py first seen with mtime 1731909311.110645
File /usr/local/lib/python3.12/urllib/response.py first seen with mtime 1715672271.0
File /source/drf_spectacular/openapi.py first seen with mtime 1731909311.320648
File /source/django/db/backends/__init__.py first seen with mtime 1731909310.230504
File /source/drf_spectacular/views.py first seen with mtime 1731909311.320648
File /usr/local/lib/python3.12/asyncio/subprocess.py first seen with mtime 1715672271.0
File /source/django/template/context.py first seen with mtime 1731909310.2605042
File /source/django/core/mail/__init__.py first seen with mtime 1731909310.230504
File /source/django/http/response.py first seen with mtime 1731909310.2605042
File /source/django/utils/choices.py first seen with mtime 1731909310.2605042
File /source/django/utils/functional.py first seen with mtime 1731909310.2605042
File /source/django/contrib/auth/apps.py first seen with mtime 1731909309.9705002
File /source/django/db/models/sql/datastructures.py first seen with mtime 1731909310.2505043
File /source/yaml/representer.py first seen with mtime 1731909309.4804935
File /source/django/contrib/staticfiles/finders.py first seen with mtime 1731909310.2205038
File /usr/local/lib/python3.12/hashlib.py first seen with mtime 1715672270.0
File /source/django/http/__init__.py first seen with mtime 1731909310.2505043
File /source/django/contrib/contenttypes/fields.py first seen with mtime 1731909310.010501
File /source/django/core/management/color.py first seen with mtime 1731909310.230504
File /source/django/http/cookie.py first seen with mtime 1731909310.2505043
File /source/drf_spectacular/contrib/rest_polymorphic.py first seen with mtime 1731909311.320648
File /usr/local/lib/python3.12/logging/config.py first seen with mtime 1715672271.0
File /source/django/contrib/staticfiles/management/commands/__init__.py first seen with mtime 1731909310.2205038
File /source/rest_framework/parsers.py first seen with mtime 1731909311.110645
File /source/django/forms/models.py first seen with mtime 1731909310.2505043
File /source/django/conf/global_settings.py first seen with mtime 1731909309.800498
File /source/django/utils/translation/trans_real.py first seen with mtime 1731909310.2605042
File /usr/local/lib/python3.12/dis.py first seen with mtime 1715672270.0
File /source/drf_spectacular/contrib/rest_framework_simplejwt.py first seen with mtime 1731909311.320648
File /source/django/contrib/admindocs/__init__.py first seen with mtime 1731909309.9404998
File /source/django/conf/__init__.py first seen with mtime 1731909309.800498
File /source/django/contrib/sessions/models.py first seen with mtime 1731909310.1705031
File /source/django/db/migrations/exceptions.py first seen with mtime 1731909310.240504
File /source/django/core/cache/utils.py first seen with mtime 1731909310.2205038
File /source/rest_framework/urlpatterns.py first seen with mtime 1731909311.110645
File /usr/local/lib/python3.12/importlib/__init__.py first seen with mtime 1715672271.0
File /usr/local/lib/python3.12/fnmatch.py first seen with mtime 1715672270.0
File /usr/local/lib/python3.12/asyncio/log.py first seen with mtime 1715672271.0
File /source/django/db/models/indexes.py first seen with mtime 1731909310.240504
File /source/django/template/loaders/cached.py first seen with mtime 1731909310.2605042
File /source/django/core/checks/async_checks.py first seen with mtime 1731909310.2205038
File /usr/local/lib/python3.12/concurrent/futures/_base.py first seen with mtime 1715672271.0
File /source/drf_spectacular/apps.py first seen with mtime 1731909311.320648
File /source/django/test/html.py first seen with mtime 1731909310.2605042
File /source/django/contrib/auth/password_validation.py first seen with mtime 1731909309.9805005
File /source/django/db/models/functions/math.py first seen with mtime 1731909310.2505043
File /source/psycopg2/_range.py first seen with mtime 1731909309.5604947
File /source/django/contrib/auth/validators.py first seen with mtime 1731909309.9805005
File /source/rest_framework/generics.py first seen with mtime 1731909311.110645
File /source/sqlparse/engine/grouping.py first seen with mtime 1731909309.4304926
File /usr/local/lib/python3.12/xml/dom/minicompat.py first seen with mtime 1715672271.0
File /source/rest_framework/renderers.py first seen with mtime 1731909311.110645
File /source/psycopg2/_psycopg.cpython-312-x86_64-linux-gnu.so first seen with mtime 1731909309.5604947
File /source/django/contrib/contenttypes/forms.py first seen with mtime 1731909310.010501
File /source/django/urls/base.py first seen with mtime 1731909310.2605042
File /usr/local/lib/python3.12/lib-dynload/_sha2.cpython-312-x86_64-linux-gnu.so first seen with mtime 1715672279.0
File /source/drf_spectacular/serializers.py first seen with mtime 1731909311.320648
File /usr/local/lib/python3.12/zoneinfo/__init__.py first seen with mtime 1715672271.0
File /source/django/utils/encoding.py first seen with mtime 1731909310.2605042
File /usr/local/lib/python3.12/zoneinfo/_common.py first seen with mtime 1715672271.0
File /usr/local/lib/python3.12/xml/dom/xmlbuilder.py first seen with mtime 1715672271.0
File /source/rest_framework/__init__.py first seen with mtime 1731909311.110645
File /source/rest_framework/utils/breadcrumbs.py first seen with mtime 1731909311.1506457
File /source/django/contrib/messages/storage/base.py first seen with mtime 1731909310.1305025
File /source/django/utils/text.py first seen with mtime 1731909310.2605042
File /usr/local/lib/python3.12/lib-dynload/_bisect.cpython-312-x86_64-linux-gnu.so first seen with mtime 1715672279.0
File /source/sqlparse/filters/reindent.py first seen with mtime 1731909309.4304926
File /source/django/core/files/storage/__init__.py first seen with mtime 1731909310.230504
File /usr/local/lib/python3.12/asyncio/timeouts.py first seen with mtime 1715672271.0
File /source/django/views/generic/base.py first seen with mtime 1731909310.2705045
File /usr/local/lib/python3.12/token.py first seen with mtime 1715672271.0
File /Service/BeerCollection/views/beer.py first seen with mtime 1731909250.9627075
File /source/django/contrib/staticfiles/views.py first seen with mtime 1731909310.2205038
File /usr/local/lib/python3.12/unittest/case.py first seen with mtime 1715672271.0
File /usr/local/lib/python3.12/lib-dynload/_datetime.cpython-312-x86_64-linux-gnu.so first seen with mtime 1715672279.0
File /source/django/contrib/admin/templatetags/base.py first seen with mtime 1731909309.9404998
File /source/asgiref/local.py first seen with mtime 1731909309.6704962
File /Service/BeerCollection/models/__init__.py first seen with mtime 1731909250.960707
File /source/django/db/models/fields/generated.py first seen with mtime 1731909310.240504
File /source/django/core/serializers/__init__.py first seen with mtime 1731909310.230504
File /source/rest_framework/pagination.py first seen with mtime 1731909311.110645
File /usr/local/lib/python3.12/email/contentmanager.py first seen with mtime 1715672271.0
File /source/django/urls/conf.py first seen with mtime 1731909310.2605042
File /source/django/templatetags/l10n.py first seen with mtime 1731909310.2605042
File /source/django/core/checks/compatibility/__init__.py first seen with mtime 1731909310.230504
File /usr/local/lib/python3.12/pathlib.py first seen with mtime 1715672270.0
File /usr/local/lib/python3.12/lib-dynload/_struct.cpython-312-x86_64-linux-gnu.so first seen with mtime 1715672279.0
File /usr/local/lib/python3.12/asyncio/events.py first seen with mtime 1715672271.0
File /usr/local/lib/python3.12/lib-dynload/_uuid.cpython-312-x86_64-linux-gnu.so first seen with mtime 1715672279.0
File /usr/local/lib/python3.12/struct.py first seen with mtime 1715672271.0
File /source/django/template/__init__.py first seen with mtime 1731909310.2605042
File /source/django/core/files/utils.py first seen with mtime 1731909310.230504
File /usr/local/lib/python3.12/opcode.py first seen with mtime 1715672270.0
File /source/drf_spectacular/contrib/django_filters.py first seen with mtime 1731909311.320648
File /source/django/utils/ipv6.py first seen with mtime 1731909310.2605042
File /source/django/utils/crypto.py first seen with mtime 1731909310.2605042
File /usr/local/lib/python3.12/wsgiref/headers.py first seen with mtime 1715672271.0
File /source/django/core/serializers/python.py first seen with mtime 1731909310.230504
File /Service/BeerCollection/serializers/shop.py first seen with mtime 1731909250.9617085
File /source/django/core/handlers/exception.py first seen with mtime 1731909310.230504
File /source/django/utils/asyncio.py first seen with mtime 1731909310.2605042
File /source/asgiref/sync.py first seen with mtime 1731909309.6704962
File /source/django/db/models/fields/__init__.py first seen with mtime 1731909310.240504
File /source/django/core/files/storage/mixins.py first seen with mtime 1731909310.230504
File /source/django/test/__init__.py first seen with mtime 1731909310.2605042
File /usr/local/lib/python3.12/lib-dynload/_heapq.cpython-312-x86_64-linux-gnu.so first seen with mtime 1715672279.0
File /source/django/core/exceptions.py first seen with mtime 1731909310.2205038
File /source/django/views/decorators/cache.py first seen with mtime 1731909310.2605042
File /source/psycopg2/extensions.py first seen with mtime 1731909309.5604947
File /usr/local/lib/python3.12/lib-dynload/_ssl.cpython-312-x86_64-linux-gnu.so first seen with mtime 1715672279.0
File /usr/local/lib/python3.12/lib-dynload/_pickle.cpython-312-x86_64-linux-gnu.so first seen with mtime 1715672279.0
File /source/django/core/cache/__init__.py first seen with mtime 1731909310.2205038
File /source/uritemplate/api.py first seen with mtime 1731909309.3304913
File /usr/local/lib/python3.12/asyncio/staggered.py first seen with mtime 1715672271.0
File /source/django/db/models/fields/mixins.py first seen with mtime 1731909310.240504
File /source/django/db/models/functions/mixins.py first seen with mtime 1731909310.2505043
File /source/django/forms/fields.py first seen with mtime 1731909310.2505043
File /source/django/utils/duration.py first seen with mtime 1731909310.2605042
File /source/django/utils/translation/__init__.py first seen with mtime 1731909310.2605042
File /source/rest_framework/relations.py first seen with mtime 1731909311.110645
File /source/sqlparse/tokens.py first seen with mtime 1731909309.4304926
File /source/sqlparse/engine/filter_stack.py first seen with mtime 1731909309.4304926
File /source/django/contrib/admindocs/utils.py first seen with mtime 1731909309.9404998
File /source/django/db/backends/base/validation.py first seen with mtime 1731909310.230504
File /source/django/contrib/admin/models.py first seen with mtime 1731909309.8504987
File /usr/local/lib/python3.12/wsgiref/simple_server.py first seen with mtime 1715672271.0
File /usr/local/lib/python3.12/warnings.py first seen with mtime 1715672271.0
File /usr/local/lib/python3.12/lib-dynload/_asyncio.cpython-312-x86_64-linux-gnu.so first seen with mtime 1715672279.0
File /source/django/utils/version.py first seen with mtime 1731909310.2605042
File /usr/local/lib/python3.12/email/errors.py first seen with mtime 1715672271.0
File /source/yaml/parser.py first seen with mtime 1731909309.4804935
File /source/drf_spectacular/settings.py first seen with mtime 1731909311.320648
File /source/rest_framework/metadata.py first seen with mtime 1731909311.110645
File /usr/local/lib/python3.12/asyncio/runners.py first seen with mtime 1715672271.0
File /source/uritemplate/__init__.py first seen with mtime 1731909309.3304913
File /source/django/core/files/temp.py first seen with mtime 1731909310.230504
File /source/drf_spectacular/utils.py first seen with mtime 1731909311.320648
File /usr/local/lib/python3.12/asyncio/unix_events.py first seen with mtime 1715672271.0
File /source/django/core/management/commands/__init__.py first seen with mtime 1731909310.230504
File /source/django/core/checks/security/__init__.py first seen with mtime 1731909310.230504
File /source/django/db/migrations/operations/__init__.py first seen with mtime 1731909310.240504
File /source/django/templatetags/cache.py first seen with mtime 1731909310.2605042
File /source/django/views/decorators/csrf.py first seen with mtime 1731909310.2705045
File /source/django/contrib/admin/templatetags/log.py first seen with mtime 1731909309.9404998
File /source/django/db/models/aggregates.py first seen with mtime 1731909310.240504
File /source/django/http/multipartparser.py first seen with mtime 1731909310.2505043
File /source/django/db/migrations/operations/base.py first seen with mtime 1731909310.240504
File /usr/local/lib/python3.12/pprint.py first seen with mtime 1715672270.0
File /usr/local/lib/python3.12/asyncio/locks.py first seen with mtime 1715672271.0
File /source/django/template/backends/base.py first seen with mtime 1731909310.2605042
File /source/django/db/models/base.py first seen with mtime 1731909310.240504
File /usr/local/lib/python3.12/asyncio/sslproto.py first seen with mtime 1715672271.0
File /source/django/contrib/admin/actions.py first seen with mtime 1731909309.8504987
File /source/django/contrib/sites/shortcuts.py first seen with mtime 1731909310.2005036
File /source/django/db/backends/utils.py first seen with mtime 1731909310.230504
File /source/django/core/files/storage/handler.py first seen with mtime 1731909310.230504
File /source/rest_framework/fields.py first seen with mtime 1731909311.110645
File /usr/local/lib/python3.12/_weakrefset.py first seen with mtime 1715672270.0
File /source/django/core/checks/database.py first seen with mtime 1731909310.2205038
File /source/django/template/defaultfilters.py first seen with mtime 1731909310.2605042
File /usr/local/lib/python3.12/enum.py first seen with mtime 1715672270.0
File /source/django/views/generic/detail.py first seen with mtime 1731909310.2705045
File /usr/local/lib/python3.12/copyreg.py first seen with mtime 1715672270.0
File /source/django/views/decorators/__init__.py first seen with mtime 1731909310.2605042
File /source/django/db/models/sql/subqueries.py first seen with mtime 1731909310.2505043
File /source/django/core/management/commands/runserver.py first seen with mtime 1731909310.230504
File /source/django/db/models/query_utils.py first seen with mtime 1731909310.240504
File /usr/local/lib/python3.12/lib-dynload/_random.cpython-312-x86_64-linux-gnu.so first seen with mtime 1715672279.0
File /source/yaml/resolver.py first seen with mtime 1731909309.4804935
File /source/django/db/backends/base/operations.py first seen with mtime 1731909310.230504
File /source/django/template/response.py first seen with mtime 1731909310.2605042
File /usr/local/lib/python3.12/email/header.py first seen with mtime 1715672271.0
File /usr/local/lib/python3.12/email/policy.py first seen with mtime 1715672271.0
File /source/rest_framework/schemas/__init__.py first seen with mtime 1731909311.1306453
File /usr/local/lib/python3.12/lzma.py first seen with mtime 1715672270.0
File /source/rest_framework/utils/model_meta.py first seen with mtime 1731909311.1506457
File /source/django/db/__init__.py first seen with mtime 1731909310.230504
File /source/django/db/backends/postgresql/client.py first seen with mtime 1731909310.240504
File /source/django/utils/cache.py first seen with mtime 1731909310.2605042
File /source/django/utils/deprecation.py first seen with mtime 1731909310.2605042
File /usr/local/lib/python3.12/_sysconfigdata__linux_x86_64-linux-gnu.py first seen with mtime 1715672273.0
File /source/django/contrib/auth/tokens.py first seen with mtime 1731909309.9805005
File /source/rest_framework/serializers.py first seen with mtime 1731909311.110645
File /source/django/core/files/move.py first seen with mtime 1731909310.230504
File /source/rest_framework/decorators.py first seen with mtime 1731909311.110645
File /source/django/template/backends/__init__.py first seen with mtime 1731909310.2605042
File /source/django/views/defaults.py first seen with mtime 1731909310.2605042
File /usr/local/lib/python3.12/functools.py first seen with mtime 1715672270.0
File /source/django/template/loaders/app_directories.py first seen with mtime 1731909310.2605042
File /usr/local/lib/python3.12/concurrent/futures/__init__.py first seen with mtime 1715672271.0
File /usr/local/lib/python3.12/asyncio/base_subprocess.py first seen with mtime 1715672271.0
File /source/django/utils/connection.py first seen with mtime 1731909310.2605042
File /source/drf_spectacular/contrib/rest_framework_gis.py first seen with mtime 1731909311.320648
File /source/django/core/checks/translation.py first seen with mtime 1731909310.230504
File /usr/local/lib/python3.12/logging/__init__.py first seen with mtime 1715672271.0
File /source/django/__init__.py first seen with mtime 1731909309.800498
File /source/django/core/checks/model_checks.py first seen with mtime 1731909310.230504
File /usr/local/lib/python3.12/json/scanner.py first seen with mtime 1715672271.0
File /source/yaml/events.py first seen with mtime 1731909309.4804935
File /usr/local/lib/python3.12/numbers.py first seen with mtime 1715672270.0
File /source/django/contrib/contenttypes/admin.py first seen with mtime 1731909310.010501
File /source/django/core/__init__.py first seen with mtime 1731909310.2205038
File /source/django/forms/formsets.py first seen with mtime 1731909310.2505043
File /source/django/utils/timezone.py first seen with mtime 1731909310.2605042
File /source/django/views/csrf.py first seen with mtime 1731909310.2605042
File /source/django/template/loader.py first seen with mtime 1731909310.2605042
File /source/django/core/handlers/base.py first seen with mtime 1731909310.230504
File /usr/local/lib/python3.12/email/_parseaddr.py first seen with mtime 1715672271.0
File /usr/local/lib/python3.12/html/entities.py first seen with mtime 1715672271.0
File /source/django/utils/http.py first seen with mtime 1731909310.2605042
File /usr/local/lib/python3.12/collections/abc.py first seen with mtime 1715672271.0
File /usr/local/lib/python3.12/email/mime/text.py first seen with mtime 1715672271.0
File /source/django/http/request.py first seen with mtime 1731909310.2505043
File /source/django/db/models/fields/related_descriptors.py first seen with mtime 1731909310.240504
File /source/django/contrib/staticfiles/management/__init__.py first seen with mtime 1731909310.2205038
File /source/yaml/composer.py first seen with mtime 1731909309.4804935
File /source/django/db/models/fields/related.py first seen with mtime 1731909310.240504
File /usr/local/lib/python3.12/subprocess.py first seen with mtime 1715672271.0
File /source/django/views/__init__.py first seen with mtime 1731909310.2605042
File /usr/local/lib/python3.12/encodings/aliases.py first seen with mtime 1715672271.0
File /source/django/core/serializers/json.py first seen with mtime 1731909310.230504
File /source/django/contrib/staticfiles/utils.py first seen with mtime 1731909310.2205038
File /source/rest_framework/permissions.py first seen with mtime 1731909311.110645
File /usr/local/lib/python3.12/unittest/main.py first seen with mtime 1715672271.0
File /source/django/contrib/staticfiles/handlers.py first seen with mtime 1731909310.2205038
File /source/django/core/cache/backends/base.py first seen with mtime 1731909310.2205038
File /source/rest_framework/utils/timezone.py first seen with mtime 1731909311.1506457
File /source/django/utils/datastructures.py first seen with mtime 1731909310.2605042
File /source/django/db/transaction.py first seen with mtime 1731909310.230504
File /usr/local/lib/python3.12/_markupbase.py first seen with mtime 1715672270.0
File /usr/local/lib/python3.12/asyncio/exceptions.py first seen with mtime 1715672271.0
File /source/django/contrib/postgres/fields/hstore.py first seen with mtime 1731909310.1305025
File /source/django/db/models/__init__.py first seen with mtime 1731909310.240504
File /source/sqlparse/engine/statement_splitter.py first seen with mtime 1731909309.4304926
File /source/django/contrib/contenttypes/models.py first seen with mtime 1731909310.010501
File /source/django/db/models/sql/where.py first seen with mtime 1731909310.2505043
File /source/django/utils/regex_helper.py first seen with mtime 1731909310.2605042
File /usr/local/lib/python3.12/email/generator.py first seen with mtime 1715672271.0
File /usr/local/lib/python3.12/email/__init__.py first seen with mtime 1715672271.0
File /source/django/contrib/messages/api.py first seen with mtime 1731909310.1305025
File /source/django/contrib/postgres/fields/utils.py first seen with mtime 1731909310.1305025
File /source/django/db/models/functions/text.py first seen with mtime 1731909310.2505043
File /source/django/urls/utils.py first seen with mtime 1731909310.2605042
File /source/sqlparse/sql.py first seen with mtime 1731909309.4304926
File /source/sqlparse/utils.py first seen with mtime 1731909309.4304926
File /source/django/contrib/postgres/__init__.py first seen with mtime 1731909310.1305025
File /source/rest_framework/schemas/generators.py first seen with mtime 1731909311.1306453
File /source/django/contrib/admin/templatetags/admin_list.py first seen with mtime 1731909309.9404998
File /source/django/core/cache/backends/locmem.py first seen with mtime 1731909310.2205038
File /source/django/template/engine.py first seen with mtime 1731909310.2605042
File /source/django/db/models/constraints.py first seen with mtime 1731909310.240504
File /usr/local/lib/python3.12/re/_compiler.py first seen with mtime 1715672271.0
File /source/django/core/mail/utils.py first seen with mtime 1731909310.230504
File /usr/local/lib/python3.12/email/_header_value_parser.py first seen with mtime 1715672271.0
File /source/django/forms/renderers.py first seen with mtime 1731909310.2505043
File /source/django/db/models/sql/constants.py first seen with mtime 1731909310.2505043
File /source/django/urls/resolvers.py first seen with mtime 1731909310.2605042
File /Service/BeerCollection/views/__init__.py first seen with mtime 1731909250.9627075
File /Service/PsevdoService/__init__.py first seen with mtime 1731909250.9637065
File /Service/PsevdoService/urls.py first seen with mtime 1731909250.9637065
File /usr/local/lib/python3.12/_compression.py first seen with mtime 1715672270.0
File /source/django/contrib/auth/admin.py first seen with mtime 1731909309.9705002
File /source/django/views/generic/edit.py first seen with mtime 1731909310.2705045
File /source/django/contrib/admin/__init__.py first seen with mtime 1731909309.8504987
File /source/django/db/backends/base/introspection.py first seen with mtime 1731909310.230504
File /source/django/views/i18n.py first seen with mtime 1731909310.2605042
File /source/django/templatetags/i18n.py first seen with mtime 1731909310.2605042
File /Service/manage.py first seen with mtime 1731909250.9657085
File /usr/local/lib/python3.12/bz2.py first seen with mtime 1715672270.0
File /source/django/contrib/messages/__init__.py first seen with mtime 1731909310.1305025
File /Service/BeerCollection/urls.py first seen with mtime 1731909250.9627075
File /usr/local/lib/python3.12/http/client.py first seen with mtime 1715672271.0
File /usr/local/lib/python3.12/ssl.py first seen with mtime 1715672271.0
File /source/django/contrib/messages/storage/__init__.py first seen with mtime 1731909310.1305025
File /usr/local/lib/python3.12/wsgiref/__init__.py first seen with mtime 1715672271.0
File /usr/local/lib/python3.12/asyncio/mixins.py first seen with mtime 1715672271.0
File /source/django/contrib/auth/management/__init__.py first seen with mtime 1731909310.010501
File /source/django/db/models/functions/window.py first seen with mtime 1731909310.2505043
File /usr/local/lib/python3.12/lib-dynload/fcntl.cpython-312-x86_64-linux-gnu.so first seen with mtime 1715672279.0
File /source/drf_spectacular/contrib/rest_framework_recursive.py first seen with mtime 1731909311.320648
File /source/django/forms/utils.py first seen with mtime 1731909310.2505043
File /source/django/contrib/admin/templatetags/admin_urls.py first seen with mtime 1731909309.9404998
File /source/rest_framework/authentication.py first seen with mtime 1731909311.110645
File /Service/BeerCollection/models/beer.py first seen with mtime 1731909250.960707
File /source/django/contrib/admin/widgets.py first seen with mtime 1731909309.8504987
File /usr/local/lib/python3.12/gettext.py first seen with mtime 1715672270.0
File /usr/local/lib/python3.12/http/__init__.py first seen with mtime 1715672271.0
File /usr/local/lib/python3.12/unittest/runner.py first seen with mtime 1715672271.0
File /usr/local/lib/python3.12/lib-dynload/array.cpython-312-x86_64-linux-gnu.so first seen with mtime 1715672279.0
File /source/django/contrib/admin/options.py first seen with mtime 1731909309.8504987
File /source/psycopg2/_ipaddress.py first seen with mtime 1731909309.5604947
File /source/django/core/signing.py first seen with mtime 1731909310.2205038
File /source/django/core/files/locks.py first seen with mtime 1731909310.230504
File /usr/local/lib/python3.12/lib-dynload/_blake2.cpython-312-x86_64-linux-gnu.so first seen with mtime 1715672279.0
File /source/django/db/backends/postgresql/operations.py first seen with mtime 1731909310.240504
File /source/django/db/backends/postgresql/psycopg_any.py first seen with mtime 1731909310.240504
File /source/django/db/models/functions/__init__.py first seen with mtime 1731909310.2505043
File /usr/local/lib/python3.12/traceback.py first seen with mtime 1715672271.0
File /source/django/contrib/staticfiles/checks.py first seen with mtime 1731909310.2205038
File /source/django/test/client.py first seen with mtime 1731909310.2605042
File /usr/local/lib/python3.12/logging/handlers.py first seen with mtime 1715672271.0
File /source/django/contrib/sites/requests.py first seen with mtime 1731909310.2005036
File /source/uritemplate/template.py first seen with mtime 1731909309.3304913
File /source/django/core/mail/message.py first seen with mtime 1731909310.230504
File /source/django/contrib/postgres/fields/jsonb.py first seen with mtime 1731909310.1305025
File /source/django/urls/__init__.py first seen with mtime 1731909310.2605042
File /usr/local/lib/python3.12/operator.py first seen with mtime 1715672270.0
File /usr/local/lib/python3.12/contextlib.py first seen with mtime 1715672270.0
File /source/psycopg2/__init__.py first seen with mtime 1731909309.5604947
File /usr/local/lib/python3.12/locale.py first seen with mtime 1715672270.0
File /usr/local/lib/python3.12/email/mime/base.py first seen with mtime 1715672271.0
File /usr/local/lib/python3.12/getpass.py first seen with mtime 1715672270.0
File /source/drf_spectacular/extensions.py first seen with mtime 1731909311.320648
File /usr/local/lib/python3.12/asyncio/transports.py first seen with mtime 1715672271.0
File /source/rest_framework/utils/json.py first seen with mtime 1731909311.1506457
File /source/django/contrib/contenttypes/apps.py first seen with mtime 1731909310.010501
File /source/django/db/models/functions/datetime.py first seen with mtime 1731909310.2505043
File /usr/local/lib/python3.12/asyncio/tasks.py first seen with mtime 1715672271.0
File /source/django/contrib/admin/sites.py first seen with mtime 1731909309.8504987
File /source/django/forms/forms.py first seen with mtime 1731909310.2505043
File /source/django/template/loaders/__init__.py first seen with mtime 1731909310.2605042
File /source/django/views/static.py first seen with mtime 1731909310.2605042
File /Service/PsevdoService/settings.py first seen with mtime 1731909250.9637065
File /usr/local/lib/python3.12/mimetypes.py first seen with mtime 1715672270.0
File /source/django/db/models/sql/query.py first seen with mtime 1731909310.2505043
File /usr/local/lib/python3.12/email/quoprimime.py first seen with mtime 1715672271.0
File /source/rest_framework/request.py first seen with mtime 1731909311.110645
File /usr/local/lib/python3.12/lib-dynload/_bz2.cpython-312-x86_64-linux-gnu.so first seen with mtime 1715672279.0
File /usr/local/lib/python3.12/lib-dynload/_decimal.cpython-312-x86_64-linux-gnu.so first seen with mtime 1715672279.0
File /source/django/core/signals.py first seen with mtime 1731909310.2205038
File /usr/local/lib/python3.12/re/_parser.py first seen with mtime 1715672271.0
File /source/django/db/models/fields/proxy.py first seen with mtime 1731909310.240504
File /source/django/utils/lorem_ipsum.py first seen with mtime 1731909310.2605042
File /source/django/core/files/storage/base.py first seen with mtime 1731909310.230504
File /source/django/core/checks/security/base.py first seen with mtime 1731909310.230504
File /source/django/core/management/__init__.py first seen with mtime 1731909310.230504
File /source/django/contrib/auth/decorators.py first seen with mtime 1731909309.9805005
File /source/django/contrib/__init__.py first seen with mtime 1731909309.8504987
File /source/drf_spectacular/drainage.py first seen with mtime 1731909311.320648
File /source/django/contrib/postgres/lookups.py first seen with mtime 1731909310.1305025
File /usr/local/lib/python3.12/asyncio/format_helpers.py first seen with mtime 1715672271.0
File /usr/local/lib/python3.12/asyncio/base_events.py first seen with mtime 1715672271.0
File /source/django/contrib/sessions/backends/base.py first seen with mtime 1731909310.1705031
File /usr/local/lib/python3.12/lib-dynload/termios.cpython-312-x86_64-linux-gnu.so first seen with mtime 1715672279.0
File /usr/local/lib/python3.12/email/message.py first seen with mtime 1715672271.0
File /source/psycopg2/sql.py first seen with mtime 1731909309.5604947
File /source/sqlparse/formatter.py first seen with mtime 1731909309.4304926
File /usr/local/lib/python3.12/lib-dynload/_socket.cpython-312-x86_64-linux-gnu.so first seen with mtime 1715672279.0
File /source/django/db/models/fields/files.py first seen with mtime 1731909310.240504
File /usr/local/lib/python3.12/inspect.py first seen with mtime 1715672270.0
File /source/uritemplate/orderedset.py first seen with mtime 1731909309.3304913
File /source/django/conf/urls/__init__.py first seen with mtime 1731909309.8504987
File /usr/local/lib/python3.12/bisect.py first seen with mtime 1715672270.0
File /source/django/contrib/auth/backends.py first seen with mtime 1731909309.9805005
File /source/django/middleware/csrf.py first seen with mtime 1731909310.2605042
File /usr/local/lib/python3.12/lib-dynload/_posixsubprocess.cpython-312-x86_64-linux-gnu.so first seen with mtime 1715672279.0
File /source/django/core/checks/templates.py first seen with mtime 1731909310.230504
File /source/django/db/backends/signals.py first seen with mtime 1731909310.230504
File /usr/local/lib/python3.12/http/cookies.py first seen with mtime 1715672271.0
File /source/django/views/generic/dates.py first seen with mtime 1731909310.2705045
File /usr/local/lib/python3.12/lib-dynload/unicodedata.cpython-312-x86_64-linux-gnu.so first seen with mtime 1715672279.0
File /source/django/test/testcases.py first seen with mtime 1731909310.2605042
File /source/django/contrib/admin/views/decorators.py first seen with mtime 1731909309.9404998
File /source/django/middleware/security.py first seen with mtime 1731909310.2605042
File /usr/local/lib/python3.12/string.py first seen with mtime 1715672271.0
File /source/django/forms/__init__.py first seen with mtime 1731909310.2505043
File /usr/local/lib/python3.12/xml/__init__.py first seen with mtime 1715672271.0
File /source/django/contrib/admin/views/main.py first seen with mtime 1731909309.9404998
File /source/drf_spectacular/contrib/rest_auth.py first seen with mtime 1731909311.320648
File /Service/BeerCollection/views/shop.py first seen with mtime 1731909250.9627075
File /usr/local/lib/python3.12/tempfile.py first seen with mtime 1715672271.0
File /usr/local/lib/python3.12/weakref.py first seen with mtime 1715672271.0
File /source/drf_spectacular/contrib/__init__.py first seen with mtime 1731909311.320648
File /source/rest_framework/schemas/views.py first seen with mtime 1731909311.1306453
File /source/psycopg2/extras.py first seen with mtime 1731909309.5604947
File /usr/local/lib/python3.12/email/feedparser.py first seen with mtime 1715672271.0
File /usr/local/lib/python3.12/shutil.py first seen with mtime 1715672271.0
File /source/django/db/models/utils.py first seen with mtime 1731909310.240504
File /usr/local/lib/python3.12/urllib/request.py first seen with mtime 1715672271.0
File /usr/local/lib/python3.12/queue.py first seen with mtime 1715672270.0
File /source/django/contrib/contenttypes/checks.py first seen with mtime 1731909310.010501
File /source/rest_framework/response.py first seen with mtime 1731909311.110645
File /usr/local/lib/python3.12/email/charset.py first seen with mtime 1715672271.0
File /source/yaml/serializer.py first seen with mtime 1731909309.4804935
File /source/django/utils/translation/reloader.py first seen with mtime 1731909310.2605042
File /source/django/dispatch/dispatcher.py first seen with mtime 1731909310.2505043
File /source/django/contrib/messages/utils.py first seen with mtime 1731909310.1305025
File /source/drf_spectacular/checks.py first seen with mtime 1731909311.320648
File /source/sqlparse/filters/output.py first seen with mtime 1731909309.4304926
File /source/django/db/backends/postgresql/introspection.py first seen with mtime 1731909310.240504
File /source/django/contrib/postgres/forms/ranges.py first seen with mtime 1731909310.1305025
File /source/django/forms/boundfield.py first seen with mtime 1731909310.2505043
File /usr/local/lib/python3.12/linecache.py first seen with mtime 1715672270.0
File /source/django/db/backends/postgresql/schema.py first seen with mtime 1731909310.240504
File /source/django/contrib/staticfiles/apps.py first seen with mtime 1731909310.2205038
File /source/django/db/models/fields/json.py first seen with mtime 1731909310.240504
File /usr/local/lib/python3.12/asyncio/selector_events.py first seen with mtime 1715672271.0
File /usr/local/lib/python3.12/platform.py first seen with mtime 1715672270.0
File /source/django/core/handlers/__init__.py first seen with mtime 1731909310.230504
File /usr/local/lib/python3.12/ast.py first seen with mtime 1715672270.0
File /source/rest_framework/utils/serializer_helpers.py first seen with mtime 1731909311.1506457
File /source/django/contrib/postgres/forms/array.py first seen with mtime 1731909310.1305025
File /usr/local/lib/python3.12/asyncio/__init__.py first seen with mtime 1715672271.0
File /source/django/core/checks/security/csrf.py first seen with mtime 1731909310.230504
File /source/django/core/checks/compatibility/django_4_0.py first seen with mtime 1731909310.230504
File /source/django/utils/log.py first seen with mtime 1731909310.2605042
File /source/django/views/generic/list.py first seen with mtime 1731909310.2705045
File /source/django/contrib/admin/apps.py first seen with mtime 1731909309.8504987
File /source/drf_spectacular/contrib/rest_framework.py first seen with mtime 1731909311.320648
File /source/django/utils/__init__.py first seen with mtime 1731909310.2605042
File /source/django/utils/dateformat.py first seen with mtime 1731909310.2605042
File /source/django/db/models/fields/related_lookups.py first seen with mtime 1731909310.240504
File /source/django/templatetags/static.py first seen with mtime 1731909310.2605042
File /source/uritemplate/variable.py first seen with mtime 1731909309.3304913
File /usr/local/lib/python3.12/unittest/loader.py first seen with mtime 1715672271.0
File /usr/local/lib/python3.12/heapq.py first seen with mtime 1715672270.0
File /usr/local/lib/python3.12/http/server.py first seen with mtime 1715672271.0
File /usr/local/lib/python3.12/reprlib.py first seen with mtime 1715672270.0
File /source/rest_framework/templatetags/rest_framework.py first seen with mtime 1731909311.1506457
File /source/django/utils/autoreload.py first seen with mtime 1731909310.2605042
File /Service/BeerCollection/serializers/__init__.py first seen with mtime 1731909250.9617085
File /usr/local/lib/python3.12/email/headerregistry.py first seen with mtime 1715672271.0
File /source/django/core/checks/urls.py first seen with mtime 1731909310.230504
File /source/django/core/paginator.py first seen with mtime 1731909310.2205038
File /source/django/forms/widgets.py first seen with mtime 1731909310.2505043
File /source/django/utils/termcolors.py first seen with mtime 1731909310.2605042
File /source/django/template/loader_tags.py first seen with mtime 1731909310.2605042
File /usr/local/lib/python3.12/email/encoders.py first seen with mtime 1715672271.0
File /source/django/db/models/expressions.py first seen with mtime 1731909310.240504
File /source/django/contrib/sites/__init__.py first seen with mtime 1731909310.2005036
File /source/django/template/exceptions.py first seen with mtime 1731909310.2605042
File /usr/local/lib/python3.12/email/_policybase.py first seen with mtime 1715672271.0
File /source/rest_framework/views.py first seen with mtime 1731909311.110645
File /source/django/utils/tree.py first seen with mtime 1731909310.2605042
File /source/rest_framework/compat.py first seen with mtime 1731909311.110645
File /source/django/utils/dates.py first seen with mtime 1731909310.2605042
File /source/yaml/nodes.py first seen with mtime 1731909309.4804935
File /source/django/utils/_os.py first seen with mtime 1731909310.2605042
File /source/django/contrib/contenttypes/views.py first seen with mtime 1731909310.010501
File /source/django/db/models/sql/__init__.py first seen with mtime 1731909310.2505043
File /source/sqlparse/__init__.py first seen with mtime 1731909309.4304926
File /source/django/contrib/sessions/apps.py first seen with mtime 1731909310.1705031
File /source/django/core/checks/security/sessions.py first seen with mtime 1731909310.230504
File /source/rest_framework/checks.py first seen with mtime 1731909311.110645
File /usr/local/lib/python3.12/unittest/mock.py first seen with mtime 1715672271.0
File /source/django/utils/timesince.py first seen with mtime 1731909310.2605042
File /source/rest_framework/utils/__init__.py first seen with mtime 1731909311.1506457
File /usr/local/lib/python3.12/selectors.py first seen with mtime 1715672271.0
File /usr/local/lib/python3.12/quopri.py first seen with mtime 1715672270.0
File /source/rest_framework/utils/field_mapping.py first seen with mtime 1731909311.1506457
File /usr/local/lib/python3.12/asyncio/threads.py first seen with mtime 1715672271.0
File /source/django/template/library.py first seen with mtime 1731909310.2605042
File /source/rest_framework/negotiation.py first seen with mtime 1731909311.110645
File /source/django/template/utils.py first seen with mtime 1731909310.2605042
File /source/asgiref/__init__.py first seen with mtime 1731909309.6704962
File /source/django/apps/__init__.py first seen with mtime 1731909309.800498
File /usr/local/lib/python3.12/email/base64mime.py first seen with mtime 1715672271.0
File /usr/local/lib/python3.12/asyncio/coroutines.py first seen with mtime 1715672271.0
File /source/django/contrib/admindocs/views.py first seen with mtime 1731909309.9404998
File /source/asgiref/current_thread_executor.py first seen with mtime 1731909309.6704962
File /source/drf_spectacular/contrib/pydantic.py first seen with mtime 1731909311.320648
File /source/inflection/__init__.py first seen with mtime 1731909309.6204953
File /usr/local/lib/python3.12/secrets.py first seen with mtime 1715672271.0
File /source/rest_framework/versioning.py first seen with mtime 1731909311.110645
File /usr/local/lib/python3.12/tokenize.py first seen with mtime 1715672271.0
File /source/django/contrib/admin/helpers.py first seen with mtime 1731909309.8504987
File /source/django/db/models/options.py first seen with mtime 1731909310.240504
File /source/django/core/files/images.py first seen with mtime 1731909310.230504
File /source/django/contrib/sessions/middleware.py first seen with mtime 1731909310.1705031
File /usr/local/lib/python3.12/hmac.py first seen with mtime 1715672270.0
File /source/django/contrib/auth/views.py first seen with mtime 1731909309.9805005
File /usr/local/lib/python3.12/urllib/__init__.py first seen with mtime 1715672271.0
File /source/django/contrib/auth/hashers.py first seen with mtime 1731909309.9805005
File /source/rest_framework/schemas/openapi.py first seen with mtime 1731909311.1306453
File /source/yaml/_yaml.cpython-312-x86_64-linux-gnu.so first seen with mtime 1731909309.4904935
File /source/drf_spectacular/contrib/django_oauth_toolkit.py first seen with mtime 1731909311.320648
File /source/django/db/backends/postgresql/creation.py first seen with mtime 1731909310.240504
File /usr/local/lib/python3.12/xml/dom/domreg.py first seen with mtime 1715672271.0
File /source/django/core/management/base.py first seen with mtime 1731909310.230504
File /source/django/urls/converters.py first seen with mtime 1731909310.2605042
File /source/yaml/loader.py first seen with mtime 1731909309.4804935
File /source/django/db/models/lookups.py first seen with mtime 1731909310.240504
File /source/django/db/migrations/operations/models.py first seen with mtime 1731909310.240504
File /source/django/core/files/uploadedfile.py first seen with mtime 1731909310.230504
File /source/django/db/backends/base/__init__.py first seen with mtime 1731909310.230504
File /usr/local/lib/python3.12/lib-dynload/_contextvars.cpython-312-x86_64-linux-gnu.so first seen with mtime 1715672279.0
File /source/rest_framework/settings.py first seen with mtime 1731909311.110645
File /source/sqlparse/filters/aligned_indent.py first seen with mtime 1731909309.4304926
File /usr/local/lib/python3.12/html/parser.py first seen with mtime 1715672271.0
File /source/rest_framework/schemas/utils.py first seen with mtime 1731909311.1306453
File /usr/local/lib/python3.12/urllib/parse.py first seen with mtime 1715672271.0
File /source/django/core/validators.py first seen with mtime 1731909310.2205038
File /usr/local/lib/python3.12/email/mime/multipart.py first seen with mtime 1715672271.0
File /source/django/contrib/postgres/fields/__init__.py first seen with mtime 1731909310.1305025
File /source/drf_spectacular/templates/drf_spectacular first seen with mtime 1731909311.320648
File /source/drf_spectacular/templates/drf_spectacular/redoc.html first seen with mtime 1731909311.320648
File /source/drf_spectacular/templates/drf_spectacular/swagger_ui.html first seen with mtime 1731909311.320648
File /source/drf_spectacular/templates/drf_spectacular/swagger_ui.js first seen with mtime 1731909311.320648
File /source/rest_framework/templates/rest_framework first seen with mtime 1731909311.1406455
File /source/rest_framework/templates/rest_framework/filters first seen with mtime 1731909311.1406455
File /source/rest_framework/templates/rest_framework/docs first seen with mtime 1731909311.1406455
File /source/rest_framework/templates/rest_framework/pagination first seen with mtime 1731909311.1406455
File /source/rest_framework/templates/rest_framework/admin.html first seen with mtime 1731909311.1406455
File /source/rest_framework/templates/rest_framework/admin first seen with mtime 1731909311.1406455
File /source/rest_framework/templates/rest_framework/raw_data_form.html first seen with mtime 1731909311.1406455
File /source/rest_framework/templates/rest_framework/horizontal first seen with mtime 1731909311.1406455
File /source/rest_framework/templates/rest_framework/schema.js first seen with mtime 1731909311.1406455
File /source/rest_framework/templates/rest_framework/vertical first seen with mtime 1731909311.1506457
File /source/rest_framework/templates/rest_framework/login.html first seen with mtime 1731909311.1406455
File /source/rest_framework/templates/rest_framework/inline first seen with mtime 1731909311.1406455
File /source/rest_framework/templates/rest_framework/base.html first seen with mtime 1731909311.1406455
File /source/rest_framework/templates/rest_framework/api.html first seen with mtime 1731909311.1406455
File /source/rest_framework/templates/rest_framework/login_base.html first seen with mtime 1731909311.1406455
File /source/rest_framework/templates/rest_framework/filters/base.html first seen with mtime 1731909311.1406455
File /source/rest_framework/templates/rest_framework/filters/ordering.html first seen with mtime 1731909311.1406455
File /source/rest_framework/templates/rest_framework/filters/search.html first seen with mtime 1731909311.1406455
File /source/rest_framework/templates/rest_framework/docs/error.html first seen with mtime 1731909311.1406455
File /source/rest_framework/templates/rest_framework/docs/auth first seen with mtime 1731909311.1406455
File /source/rest_framework/templates/rest_framework/docs/index.html first seen with mtime 1731909311.1406455
File /source/rest_framework/templates/rest_framework/docs/link.html first seen with mtime 1731909311.1406455
File /source/rest_framework/templates/rest_framework/docs/interact.html first seen with mtime 1731909311.1406455
File /source/rest_framework/templates/rest_framework/docs/sidebar.html first seen with mtime 1731909311.1406455
File /source/rest_framework/templates/rest_framework/docs/document.html first seen with mtime 1731909311.1406455
File /source/rest_framework/templates/rest_framework/docs/langs first seen with mtime 1731909311.1406455
File /source/rest_framework/templates/rest_framework/pagination/numbers.html first seen with mtime 1731909311.1406455
File /source/rest_framework/templates/rest_framework/pagination/previous_and_next.html first seen with mtime 1731909311.1406455
File /source/rest_framework/templates/rest_framework/admin/list_value.html first seen with mtime 1731909311.1406455
File /source/rest_framework/templates/rest_framework/admin/detail.html first seen with mtime 1731909311.1406455
File /source/rest_framework/templates/rest_framework/admin/simple_list_value.html first seen with mtime 1731909311.1406455
File /source/rest_framework/templates/rest_framework/admin/list.html first seen with mtime 1731909311.1406455
File /source/rest_framework/templates/rest_framework/admin/dict_value.html first seen with mtime 1731909311.1406455
File /source/rest_framework/templates/rest_framework/horizontal/form.html first seen with mtime 1731909311.1406455
File /source/rest_framework/templates/rest_framework/horizontal/fieldset.html first seen with mtime 1731909311.1406455
File /source/rest_framework/templates/rest_framework/horizontal/checkbox.html first seen with mtime 1731909311.1406455
File /source/rest_framework/templates/rest_framework/horizontal/select_multiple.html first seen with mtime 1731909311.1406455
File /source/rest_framework/templates/rest_framework/horizontal/radio.html first seen with mtime 1731909311.1406455
File /source/rest_framework/templates/rest_framework/horizontal/select.html first seen with mtime 1731909311.1406455
File /source/rest_framework/templates/rest_framework/horizontal/checkbox_multiple.html first seen with mtime 1731909311.1406455
File /source/rest_framework/templates/rest_framework/horizontal/list_field.html first seen with mtime 1731909311.1406455
File /source/rest_framework/templates/rest_framework/horizontal/dict_field.html first seen with mtime 1731909311.1406455
File /source/rest_framework/templates/rest_framework/horizontal/textarea.html first seen with mtime 1731909311.1406455
File /source/rest_framework/templates/rest_framework/horizontal/list_fieldset.html first seen with mtime 1731909311.1406455
File /source/rest_framework/templates/rest_framework/horizontal/input.html first seen with mtime 1731909311.1406455
File /source/rest_framework/templates/rest_framework/vertical/form.html first seen with mtime 1731909311.1406455
File /source/rest_framework/templates/rest_framework/vertical/fieldset.html first seen with mtime 1731909311.1406455
File /source/rest_framework/templates/rest_framework/vertical/checkbox.html first seen with mtime 1731909311.1406455
File /source/rest_framework/templates/rest_framework/vertical/select_multiple.html first seen with mtime 1731909311.1506457
File /source/rest_framework/templates/rest_framework/vertical/radio.html first seen with mtime 1731909311.1506457
File /source/rest_framework/templates/rest_framework/vertical/select.html first seen with mtime 1731909311.1506457
File /source/rest_framework/templates/rest_framework/vertical/checkbox_multiple.html first seen with mtime 1731909311.1406455
File /source/rest_framework/templates/rest_framework/vertical/list_field.html first seen with mtime 1731909311.1406455
File /source/rest_framework/templates/rest_framework/vertical/dict_field.html first seen with mtime 1731909311.1406455
File /source/rest_framework/templates/rest_framework/vertical/textarea.html first seen with mtime 1731909311.1506457
File /source/rest_framework/templates/rest_framework/vertical/list_fieldset.html first seen with mtime 1731909311.1406455
File /source/rest_framework/templates/rest_framework/vertical/input.html first seen with mtime 1731909311.1406455
File /source/rest_framework/templates/rest_framework/inline/form.html first seen with mtime 1731909311.1406455
File /source/rest_framework/templates/rest_framework/inline/fieldset.html first seen with mtime 1731909311.1406455
File /source/rest_framework/templates/rest_framework/inline/checkbox.html first seen with mtime 1731909311.1406455
File /source/rest_framework/templates/rest_framework/inline/select_multiple.html first seen with mtime 1731909311.1406455
File /source/rest_framework/templates/rest_framework/inline/radio.html first seen with mtime 1731909311.1406455
File /source/rest_framework/templates/rest_framework/inline/select.html first seen with mtime 1731909311.1406455
File /source/rest_framework/templates/rest_framework/inline/checkbox_multiple.html first seen with mtime 1731909311.1406455
File /source/rest_framework/templates/rest_framework/inline/list_field.html first seen with mtime 1731909311.1406455
File /source/rest_framework/templates/rest_framework/inline/dict_field.html first seen with mtime 1731909311.1406455
File /source/rest_framework/templates/rest_framework/inline/textarea.html first seen with mtime 1731909311.1406455
File /source/rest_framework/templates/rest_framework/inline/list_fieldset.html first seen with mtime 1731909311.1406455
File /source/rest_framework/templates/rest_framework/inline/input.html first seen with mtime 1731909311.1406455
File /source/rest_framework/templates/rest_framework/docs/auth/token.html first seen with mtime 1731909311.1406455
File /source/rest_framework/templates/rest_framework/docs/auth/basic.html first seen with mtime 1731909311.1406455
File /source/rest_framework/templates/rest_framework/docs/auth/session.html first seen with mtime 1731909311.1406455
File /source/rest_framework/templates/rest_framework/docs/langs/shell-intro.html first seen with mtime 1731909311.1406455
File /source/rest_framework/templates/rest_framework/docs/langs/python.html first seen with mtime 1731909311.1406455
File /source/rest_framework/templates/rest_framework/docs/langs/python-intro.html first seen with mtime 1731909311.1406455
File /source/rest_framework/templates/rest_framework/docs/langs/javascript-intro.html first seen with mtime 1731909311.1406455
File /source/rest_framework/templates/rest_framework/docs/langs/javascript.html first seen with mtime 1731909311.1406455
File /source/rest_framework/templates/rest_framework/docs/langs/shell.html first seen with mtime 1731909311.1406455
File /source/rest_framework/locale/ja/LC_MESSAGES/django.mo first seen with mtime 1731909311.1206453
File /source/rest_framework/locale/ru/LC_MESSAGES/django.mo first seen with mtime 1731909311.1306453
File /source/rest_framework/locale/el/LC_MESSAGES/django.mo first seen with mtime 1731909311.1206453
File /source/rest_framework/locale/pl/LC_MESSAGES/django.mo first seen with mtime 1731909311.1306453
File /source/rest_framework/locale/gl_ES/LC_MESSAGES/django.mo first seen with mtime 1731909311.1206453
File /source/rest_framework/locale/zh_CN/LC_MESSAGES/django.mo first seen with mtime 1731909311.1306453
File /source/rest_framework/locale/sv/LC_MESSAGES/django.mo first seen with mtime 1731909311.1306453
File /source/rest_framework/locale/hu/LC_MESSAGES/django.mo first seen with mtime 1731909311.1206453
File /source/rest_framework/locale/ar/LC_MESSAGES/django.mo first seen with mtime 1731909311.1206453
File /source/rest_framework/locale/hy/LC_MESSAGES/django.mo first seen with mtime 1731909311.1206453
File /source/rest_framework/locale/ko_KR/LC_MESSAGES/django.mo first seen with mtime 1731909311.1206453
File /source/rest_framework/locale/tr/LC_MESSAGES/django.mo first seen with mtime 1731909311.1306453
File /source/rest_framework/locale/az/LC_MESSAGES/django.mo first seen with mtime 1731909311.1206453
File /source/rest_framework/locale/ro/LC_MESSAGES/django.mo first seen with mtime 1731909311.1306453
File /source/rest_framework/locale/sk/LC_MESSAGES/django.mo first seen with mtime 1731909311.1306453
File /source/rest_framework/locale/he_IL/LC_MESSAGES/django.mo first seen with mtime 1731909311.1206453
File /source/rest_framework/locale/nn/LC_MESSAGES/django.mo first seen with mtime 1731909311.1306453
File /source/rest_framework/locale/ach/LC_MESSAGES/django.mo first seen with mtime 1731909311.1206453
File /source/rest_framework/locale/fr/LC_MESSAGES/django.mo first seen with mtime 1731909311.1206453
File /source/rest_framework/locale/id/LC_MESSAGES/django.mo first seen with mtime 1731909311.1206453
File /source/rest_framework/locale/en_US/LC_MESSAGES/django.mo first seen with mtime 1731909311.1206453
File /source/rest_framework/locale/ca_ES/LC_MESSAGES/django.mo first seen with mtime 1731909311.1206453
File /source/rest_framework/locale/lt/LC_MESSAGES/django.mo first seen with mtime 1731909311.1206453
File /source/rest_framework/locale/be/LC_MESSAGES/django.mo first seen with mtime 1731909311.1206453
File /source/rest_framework/locale/zh_Hant/LC_MESSAGES/django.mo first seen with mtime 1731909311.1306453
File /source/rest_framework/locale/nb/LC_MESSAGES/django.mo first seen with mtime 1731909311.1306453
File /source/rest_framework/locale/et/LC_MESSAGES/django.mo first seen with mtime 1731909311.1206453
File /source/rest_framework/locale/gl/LC_MESSAGES/django.mo first seen with mtime 1731909311.1206453
File /source/rest_framework/locale/bg/LC_MESSAGES/django.mo first seen with mtime 1731909311.1206453
File /source/rest_framework/locale/ru_RU/LC_MESSAGES/django.mo first seen with mtime 1731909311.1306453
File /source/rest_framework/locale/en_AU/LC_MESSAGES/django.mo first seen with mtime 1731909311.1206453
File /source/rest_framework/locale/pt/LC_MESSAGES/django.mo first seen with mtime 1731909311.1306453
File /source/rest_framework/locale/de/LC_MESSAGES/django.mo first seen with mtime 1731909311.1206453
File /source/rest_framework/locale/zh_TW/LC_MESSAGES/django.mo first seen with mtime 1731909311.1306453
File /source/rest_framework/locale/fr_CA/LC_MESSAGES/django.mo first seen with mtime 1731909311.1206453
File /source/rest_framework/locale/no/LC_MESSAGES/django.mo first seen with mtime 1731909311.1306453
File /source/rest_framework/locale/ne_NP/LC_MESSAGES/django.mo first seen with mtime 1731909311.1306453
File /source/rest_framework/locale/en_CA/LC_MESSAGES/django.mo first seen with mtime 1731909311.1206453
File /source/rest_framework/locale/es/LC_MESSAGES/django.mo first seen with mtime 1731909311.1206453
File /source/rest_framework/locale/zh_Hans/LC_MESSAGES/django.mo first seen with mtime 1731909311.1306453
File /source/rest_framework/locale/it/LC_MESSAGES/django.mo first seen with mtime 1731909311.1206453
File /source/rest_framework/locale/sl/LC_MESSAGES/django.mo first seen with mtime 1731909311.1306453
File /source/rest_framework/locale/vi/LC_MESSAGES/django.mo first seen with mtime 1731909311.1306453
File /source/rest_framework/locale/fa/LC_MESSAGES/django.mo first seen with mtime 1731909311.1206453
File /source/rest_framework/locale/mk/LC_MESSAGES/django.mo first seen with mtime 1731909311.1306453
File /source/rest_framework/locale/pt_PT/LC_MESSAGES/django.mo first seen with mtime 1731909311.1306453
File /source/rest_framework/locale/tr_TR/LC_MESSAGES/django.mo first seen with mtime 1731909311.1306453
File /source/rest_framework/locale/lv/LC_MESSAGES/django.mo first seen with mtime 1731909311.1206453
File /source/rest_framework/locale/pt_BR/LC_MESSAGES/django.mo first seen with mtime 1731909311.1306453
File /source/rest_framework/locale/en/LC_MESSAGES/django.mo first seen with mtime 1731909311.1206453
File /source/rest_framework/locale/ca/LC_MESSAGES/django.mo first seen with mtime 1731909311.1206453
File /source/rest_framework/locale/th/LC_MESSAGES/django.mo first seen with mtime 1731909311.1306453
File /source/rest_framework/locale/cs/LC_MESSAGES/django.mo first seen with mtime 1731909311.1206453
File /source/rest_framework/locale/nl/LC_MESSAGES/django.mo first seen with mtime 1731909311.1306453
File /source/rest_framework/locale/fa_IR/LC_MESSAGES/django.mo first seen with mtime 1731909311.1206453
File /source/rest_framework/locale/el_GR/LC_MESSAGES/django.mo first seen with mtime 1731909311.1206453
File /source/rest_framework/locale/uk/LC_MESSAGES/django.mo first seen with mtime 1731909311.1306453
File /source/rest_framework/locale/da/LC_MESSAGES/django.mo first seen with mtime 1731909311.1206453
File /source/rest_framework/locale/fi/LC_MESSAGES/django.mo first seen with mtime 1731909311.1206453
File /source/django/contrib/auth/migrations/0009_alter_user_last_name_max_length.py first seen with mtime 1731909310.010501
File /usr/local/lib/python3.12/stringprep.py first seen with mtime 1715672271.0
File /source/django/contrib/admin/migrations/0003_logentry_add_action_flag_choices.py first seen with mtime 1731909309.9204996
File /source/django/contrib/auth/migrations/0012_alter_user_first_name_max_length.py first seen with mtime 1731909310.010501
File /source/django/contrib/auth/migrations/0005_alter_user_last_login_null.py first seen with mtime 1731909310.010501
File /source/django/contrib/auth/migrations/0011_update_proxy_permissions.py first seen with mtime 1731909310.010501
File /source/django/db/models/sql/compiler.py first seen with mtime 1731909310.2505043
File /source/django/contrib/contenttypes/migrations/0001_initial.py first seen with mtime 1731909310.0405014
File /source/django/db/migrations/executor.py first seen with mtime 1731909310.240504
File /source/django/contrib/auth/migrations/0008_alter_user_username_max_length.py first seen with mtime 1731909310.010501
File /source/django/db/migrations/loader.py first seen with mtime 1731909310.240504
File /source/django/contrib/auth/migrations/0007_alter_validators_add_error_messages.py first seen with mtime 1731909310.010501
File /source/django/middleware/clickjacking.py first seen with mtime 1731909310.2605042
File /Service/PsevdoService/wsgi.py first seen with mtime 1731909250.9637065
File /source/django/middleware/common.py first seen with mtime 1731909310.2605042
File /Service/BeerCollection/migrations/__init__.py first seen with mtime 1731909250.960707
File /source/django/contrib/auth/migrations/0003_alter_user_email_max_length.py first seen with mtime 1731909310.010501
File /source/django/db/migrations/graph.py first seen with mtime 1731909310.240504
File /source/django/contrib/sessions/backends/db.py first seen with mtime 1731909310.1805031
File /source/django/contrib/sessions/exceptions.py first seen with mtime 1731909310.1705031
File /usr/local/lib/python3.12/encodings/idna.py first seen with mtime 1715672271.0
File /source/django/contrib/auth/migrations/__init__.py first seen with mtime 1731909310.010501
File /source/django/contrib/contenttypes/migrations/__init__.py first seen with mtime 1731909310.0405014
File /source/django/contrib/sessions/migrations/0001_initial.py first seen with mtime 1731909310.2005036
File /source/django/contrib/admin/migrations/__init__.py first seen with mtime 1731909309.9204996
File /source/django/contrib/sessions/migrations/__init__.py first seen with mtime 1731909310.2005036
File /source/django/contrib/auth/migrations/0010_alter_group_name_max_length.py first seen with mtime 1731909310.010501
File /source/django/db/migrations/recorder.py first seen with mtime 1731909310.240504
File /Service/BeerCollection/migrations/0001_initial.py first seen with mtime 1731909316.1007166
File /source/django/contrib/auth/migrations/0004_alter_user_username_opts.py first seen with mtime 1731909310.010501
File /source/django/contrib/auth/migrations/0001_initial.py first seen with mtime 1731909310.010501
File /source/django/contrib/messages/middleware.py first seen with mtime 1731909310.1305025
File /source/django/contrib/admin/migrations/0001_initial.py first seen with mtime 1731909309.9204996
File /source/django/contrib/contenttypes/migrations/0002_remove_content_type_name.py first seen with mtime 1731909310.0405014
File /source/django/contrib/admin/migrations/0002_logentry_remove_auto_add.py first seen with mtime 1731909309.9204996
File /source/django/contrib/auth/migrations/0002_alter_permission_name_max_length.py first seen with mtime 1731909310.010501
File /source/django/contrib/auth/migrations/0006_require_contenttypes_0002.py first seen with mtime 1731909310.010501
